正在启动Flask应用 - 访问地址: http://0.0.0.0:80
 * Serving Flask app 'app'
 * Debug mode: on
WARNING: This is a development server. Do not use it in a production deployment. Use a production WSGI server instead.
 * Running on all addresses (0.0.0.0)
 * Running on http://127.0.0.1:80
 * Running on http://198.18.0.1:80
Press CTRL+C to quit
 * Restarting with watchdog (inotify)
 * Debugger is active!
 * Debugger PIN: 128-283-716
 * Detected change in '/home/alfred/project_folder/GMV/app.py', reloading
 * Detected change in '/home/alfred/project_folder/GMV/app.py', reloading
 * Detected change in '/home/alfred/project_folder/GMV/app.py', reloading
正在启动Flask应用 - 访问地址: http://0.0.0.0:80
 * Restarting with watchdog (inotify)
 * Debugger is active!
 * Debugger PIN: 128-283-716
 * Detected change in '/home/alfred/project_folder/GMV/app.py', reloading
 * Detected change in '/home/alfred/project_folder/GMV/app.py', reloading
 * Detected change in '/home/alfred/project_folder/GMV/app.py', reloading
正在启动Flask应用 - 访问地址: http://0.0.0.0:80
 * Restarting with watchdog (inotify)
 * Debugger is active!
 * Debugger PIN: 128-283-716
 * Detected change in '/home/alfred/project_folder/GMV/app.py', reloading
正在启动Flask应用 - 访问地址: http://0.0.0.0:80
 * Restarting with watchdog (inotify)
 * Debugger is active!
 * Debugger PIN: 128-283-716
 * Detected change in '/home/alfred/project_folder/GMV/app.py', reloading
正在启动Flask应用 - 访问地址: http://0.0.0.0:80
 * Restarting with watchdog (inotify)
 * Debugger is active!
 * Debugger PIN: 128-283-716
 * Detected change in '/home/alfred/project_folder/GMV/app.py', reloading
正在启动Flask应用 - 访问地址: http://0.0.0.0:80
 * Restarting with watchdog (inotify)
 * Debugger is active!
 * Debugger PIN: 128-283-716
 * Detected change in '/home/alfred/project_folder/GMV/app.py', reloading
正在启动Flask应用 - 访问地址: http://0.0.0.0:80
 * Restarting with watchdog (inotify)
 * Debugger is active!
 * Debugger PIN: 128-283-716
 * Detected change in '/home/alfred/project_folder/GMV/app.py', reloading
正在启动Flask应用 - 访问地址: http://0.0.0.0:80
 * Restarting with watchdog (inotify)
 * Debugger is active!
 * Debugger PIN: 128-283-716
 * Detected change in '/home/alfred/project_folder/GMV/app.py', reloading
正在启动Flask应用 - 访问地址: http://0.0.0.0:80
 * Restarting with watchdog (inotify)
 * Debugger is active!
 * Debugger PIN: 128-283-716
 * Detected change in '/home/alfred/project_folder/GMV/app.py', reloading
正在启动Flask应用 - 访问地址: http://0.0.0.0:80
 * Restarting with watchdog (inotify)
 * Debugger is active!
 * Debugger PIN: 128-283-716
 * Detected change in '/home/alfred/project_folder/GMV/app.py', reloading
正在启动Flask应用 - 访问地址: http://0.0.0.0:80
 * Restarting with watchdog (inotify)
 * Debugger is active!
 * Debugger PIN: 128-283-716
 * Detected change in '/home/alfred/project_folder/GMV/app_risk.py', reloading
 * Detected change in '/home/alfred/project_folder/GMV/app_risk.py', reloading
 * Detected change in '/home/alfred/project_folder/GMV/app_risk.py', reloading
正在启动Flask应用 - 访问地址: http://0.0.0.0:80
 * Restarting with watchdog (inotify)
 * Debugger is active!
 * Debugger PIN: 128-283-716
 * Detected change in '/home/alfred/project_folder/GMV/app_outcome.py', reloading
 * Detected change in '/home/alfred/project_folder/GMV/app_outcome.py', reloading
 * Detected change in '/home/alfred/project_folder/GMV/app_outcome.py', reloading
正在启动Flask应用 - 访问地址: http://0.0.0.0:80
 * Restarting with watchdog (inotify)
 * Debugger is active!
 * Debugger PIN: 128-283-716
 * Detected change in '/home/alfred/project_folder/GMV/check_dataset.py', reloading
 * Detected change in '/home/alfred/project_folder/GMV/update_dataset.py', reloading
 * Detected change in '/home/alfred/project_folder/GMV/test_outcome_api.py', reloading
 * Detected change in '/home/alfred/project_folder/GMV/app_risk.py', reloading
 * Detected change in '/home/alfred/project_folder/GMV/update_app_custom_model.py', reloading
 * Detected change in '/home/alfred/project_folder/GMV/test_view_data_api.py', reloading
 * Detected change in '/home/alfred/project_folder/GMV/reset_db.py', reloading
 * Detected change in '/home/alfred/project_folder/GMV/test_outcome_prediction.py', reloading
 * Detected change in '/home/alfred/project_folder/GMV/test_api.py', reloading
 * Detected change in '/home/alfred/project_folder/GMV/test_survival_api.py', reloading
 * Detected change in '/home/alfred/project_folder/GMV/test_risk_model.py', reloading
 * Detected change in '/home/alfred/project_folder/GMV/test_cox_regression.py', reloading
 * Detected change in '/home/alfred/project_folder/GMV/check_field_types.py', reloading
 * Detected change in '/home/alfred/project_folder/GMV/test_risk_api.py', reloading
 * Detected change in '/home/alfred/project_folder/GMV/outcome_prediction_model.py', reloading
 * Detected change in '/home/alfred/project_folder/GMV/risk_assessment_model.py', reloading
 * Detected change in '/home/alfred/project_folder/GMV/app/models/custom_stat_model.py', reloading
 * Detected change in '/home/alfred/project_folder/GMV/test_regression_api.py', reloading
 * Detected change in '/home/alfred/project_folder/GMV/app/routes/custom_stat_model.py', reloading
 * Detected change in '/home/alfred/project_folder/GMV/check_indent.py', reloading
 * Detected change in '/home/alfred/project_folder/GMV/app/routes/risk_assessment.py', reloading
 * Detected change in '/home/alfred/project_folder/GMV/app_backup.py', reloading
 * Detected change in '/home/alfred/project_folder/GMV/app/routes/advanced_visualization.py', reloading
 * Detected change in '/home/alfred/project_folder/GMV/md_to_docx.py', reloading
 * Detected change in '/home/alfred/project_folder/GMV/db_check.py', reloading
 * Detected change in '/home/alfred/project_folder/GMV/check_datasets.py', reloading
 * Detected change in '/home/alfred/project_folder/GMV/update_app.py', reloading
 * Detected change in '/home/alfred/project_folder/GMV/update_db.py', reloading
 * Detected change in '/home/alfred/project_folder/GMV/db_migrate.py', reloading
 * Detected change in '/home/alfred/project_folder/GMV/app_outcome.py', reloading
 * Detected change in '/home/alfred/project_folder/GMV/update_app_outcome.py', reloading
 * Detected change in '/home/alfred/project_folder/GMV/db_migrate_custom_model.py', reloading
 * Detected change in '/home/alfred/project_folder/GMV/app.py', reloading
 * Detected change in '/home/alfred/project_folder/GMV/test_custom_model_api.py', reloading
 * Detected change in '/home/alfred/project_folder/GMV/update_privacy_levels.py', reloading
 * Detected change in '/home/alfred/project_folder/GMV/check_dataset.py', reloading
 * Detected change in '/home/alfred/project_folder/GMV/update_dataset.py', reloading
 * Detected change in '/home/alfred/project_folder/GMV/app_risk.py', reloading
 * Detected change in '/home/alfred/project_folder/GMV/outcome_prediction_model.py', reloading
 * Detected change in '/home/alfred/project_folder/GMV/update_app_custom_model.py', reloading
 * Detected change in '/home/alfred/project_folder/GMV/reset_db.py', reloading
 * Detected change in '/home/alfred/project_folder/GMV/test_view_data_api.py', reloading
 * Detected change in '/home/alfred/project_folder/GMV/test_outcome_prediction.py', reloading
 * Detected change in '/home/alfred/project_folder/GMV/test_cox_regression.py', reloading
 * Detected change in '/home/alfred/project_folder/GMV/test_survival_api.py', reloading
 * Detected change in '/home/alfred/project_folder/GMV/test_api.py', reloading
 * Detected change in '/home/alfred/project_folder/GMV/test_risk_model.py', reloading
 * Detected change in '/home/alfred/project_folder/GMV/test_risk_api.py', reloading
 * Detected change in '/home/alfred/project_folder/GMV/check_field_types.py', reloading
 * Detected change in '/home/alfred/project_folder/GMV/risk_assessment_model.py', reloading
 * Detected change in '/home/alfred/project_folder/GMV/app/routes/custom_stat_model.py', reloading
 * Detected change in '/home/alfred/project_folder/GMV/app/routes/risk_assessment.py', reloading
 * Detected change in '/home/alfred/project_folder/GMV/app/routes/advanced_visualization.py', reloading
 * Detected change in '/home/alfred/project_folder/GMV/app/models/custom_stat_model.py', reloading
 * Detected change in '/home/alfred/project_folder/GMV/check_indent.py', reloading
 * Detected change in '/home/alfred/project_folder/GMV/test_regression_api.py', reloading
 * Detected change in '/home/alfred/project_folder/GMV/md_to_docx.py', reloading
 * Detected change in '/home/alfred/project_folder/GMV/db_check.py', reloading
 * Detected change in '/home/alfred/project_folder/GMV/update_app.py', reloading
 * Detected change in '/home/alfred/project_folder/GMV/test_outcome_api.py', reloading
 * Detected change in '/home/alfred/project_folder/GMV/check_datasets.py', reloading
 * Detected change in '/home/alfred/project_folder/GMV/update_db.py', reloading
 * Detected change in '/home/alfred/project_folder/GMV/db_migrate.py', reloading
 * Detected change in '/home/alfred/project_folder/GMV/app_outcome.py', reloading
 * Detected change in '/home/alfred/project_folder/GMV/app.py', reloading
 * Detected change in '/home/alfred/project_folder/GMV/db_migrate_custom_model.py', reloading
 * Detected change in '/home/alfred/project_folder/GMV/update_app_outcome.py', reloading
 * Detected change in '/home/alfred/project_folder/GMV/test_custom_model_api.py', reloading
 * Detected change in '/home/alfred/project_folder/GMV/update_privacy_levels.py', reloading
 * Detected change in '/home/alfred/project_folder/GMV/app_backup.py', reloading
正在启动Flask应用 - 访问地址: http://0.0.0.0:80
 * Restarting with watchdog (inotify)
 * Debugger is active!
 * Debugger PIN: 128-283-716
 * Detected change in '/home/alfred/project_folder/GMV/app.py', reloading
 * Detected change in '/home/alfred/project_folder/GMV/app.py', reloading
 * Detected change in '/home/alfred/project_folder/GMV/app.py', reloading
正在启动Flask应用 - 访问地址: http://0.0.0.0:80
 * Restarting with watchdog (inotify)
 * Debugger is active!
 * Debugger PIN: 128-283-716
 * Detected change in '/home/alfred/project_folder/GMV/app.py', reloading
 * Detected change in '/home/alfred/project_folder/GMV/app.py', reloading
 * Detected change in '/home/alfred/project_folder/GMV/app.py', reloading
正在启动Flask应用 - 访问地址: http://0.0.0.0:80
 * Restarting with watchdog (inotify)
 * Debugger is active!
 * Debugger PIN: 128-283-716
 * Detected change in '/home/alfred/project_folder/GMV/app.py', reloading
 * Detected change in '/home/alfred/project_folder/GMV/app.py', reloading
 * Detected change in '/home/alfred/project_folder/GMV/app.py', reloading
正在启动Flask应用 - 访问地址: http://0.0.0.0:80
 * Restarting with watchdog (inotify)
 * Debugger is active!
 * Debugger PIN: 128-283-716
 * Detected change in '/home/alfred/project_folder/GMV/app.py', reloading
 * Detected change in '/home/alfred/project_folder/GMV/app.py', reloading
 * Detected change in '/home/alfred/project_folder/GMV/app.py', reloading
正在启动Flask应用 - 访问地址: http://0.0.0.0:80
 * Restarting with watchdog (inotify)
 * Debugger is active!
 * Debugger PIN: 128-283-716
 * Detected change in '/home/alfred/project_folder/GMV/app.py', reloading
 * Detected change in '/home/alfred/project_folder/GMV/app.py', reloading
 * Detected change in '/home/alfred/project_folder/GMV/app.py', reloading
正在启动Flask应用 - 访问地址: http://0.0.0.0:80
 * Restarting with watchdog (inotify)
 * Debugger is active!
 * Debugger PIN: 128-283-716
 * Detected change in '/home/alfred/project_folder/GMV/app.py', reloading
 * Detected change in '/home/alfred/project_folder/GMV/app.py', reloading
 * Detected change in '/home/alfred/project_folder/GMV/app.py', reloading
正在启动Flask应用 - 访问地址: http://0.0.0.0:80
 * Restarting with watchdog (inotify)
 * Debugger is active!
 * Debugger PIN: 128-283-716
 * Detected change in '/home/alfred/project_folder/GMV/update_dataset.py', reloading
 * Detected change in '/home/alfred/project_folder/GMV/check_dataset.py', reloading
 * Detected change in '/home/alfred/project_folder/GMV/update_app_custom_model.py', reloading
 * Detected change in '/home/alfred/project_folder/GMV/test_view_data_api.py', reloading
 * Detected change in '/home/alfred/project_folder/GMV/reset_db.py', reloading
 * Detected change in '/home/alfred/project_folder/GMV/test_survival_api.py', reloading
 * Detected change in '/home/alfred/project_folder/GMV/test_cox_regression.py', reloading
 * Detected change in '/home/alfred/project_folder/GMV/test_outcome_prediction.py', reloading
 * Detected change in '/home/alfred/project_folder/GMV/app_risk.py', reloading
 * Detected change in '/home/alfred/project_folder/GMV/test_risk_model.py', reloading
 * Detected change in '/home/alfred/project_folder/GMV/test_api.py', reloading
 * Detected change in '/home/alfred/project_folder/GMV/test_risk_api.py', reloading
 * Detected change in '/home/alfred/project_folder/GMV/check_field_types.py', reloading
 * Detected change in '/home/alfred/project_folder/GMV/check_indent.py', reloading
 * Detected change in '/home/alfred/project_folder/GMV/test_regression_api.py', reloading
 * Detected change in '/home/alfred/project_folder/GMV/outcome_prediction_model.py', reloading
 * Detected change in '/home/alfred/project_folder/GMV/risk_assessment_model.py', reloading
 * Detected change in '/home/alfred/project_folder/GMV/app_backup.py', reloading
 * Detected change in '/home/alfred/project_folder/GMV/app/models/custom_stat_model.py', reloading
 * Detected change in '/home/alfred/project_folder/GMV/app/routes/custom_stat_model.py', reloading
 * Detected change in '/home/alfred/project_folder/GMV/db_check.py', reloading
 * Detected change in '/home/alfred/project_folder/GMV/app/routes/risk_assessment.py', reloading
 * Detected change in '/home/alfred/project_folder/GMV/app.py', reloading
 * Detected change in '/home/alfred/project_folder/GMV/test_outcome_api.py', reloading
 * Detected change in '/home/alfred/project_folder/GMV/check_datasets.py', reloading
 * Detected change in '/home/alfred/project_folder/GMV/md_to_docx.py', reloading
 * Detected change in '/home/alfred/project_folder/GMV/update_app.py', reloading
 * Detected change in '/home/alfred/project_folder/GMV/app/routes/advanced_visualization.py', reloading
 * Detected change in '/home/alfred/project_folder/GMV/update_db.py', reloading
 * Detected change in '/home/alfred/project_folder/GMV/db_migrate.py', reloading
 * Detected change in '/home/alfred/project_folder/GMV/update_app_outcome.py', reloading
 * Detected change in '/home/alfred/project_folder/GMV/app_outcome.py', reloading
 * Detected change in '/home/alfred/project_folder/GMV/db_migrate_custom_model.py', reloading
正在启动Flask应用 - 访问地址: http://0.0.0.0:80
 * Restarting with watchdog (inotify)
 * Debugger is active!
 * Debugger PIN: 128-283-716
 * Detected change in '/home/alfred/project_folder/GMV/check_dataset.py', reloading
 * Detected change in '/home/alfred/project_folder/GMV/app_risk.py', reloading
 * Detected change in '/home/alfred/project_folder/GMV/update_dataset.py', reloading
 * Detected change in '/home/alfred/project_folder/GMV/update_app_custom_model.py', reloading
 * Detected change in '/home/alfred/project_folder/GMV/test_view_data_api.py', reloading
 * Detected change in '/home/alfred/project_folder/GMV/outcome_prediction_model.py', reloading
 * Detected change in '/home/alfred/project_folder/GMV/reset_db.py', reloading
 * Detected change in '/home/alfred/project_folder/GMV/test_outcome_prediction.py', reloading
 * Detected change in '/home/alfred/project_folder/GMV/test_survival_api.py', reloading
 * Detected change in '/home/alfred/project_folder/GMV/test_cox_regression.py', reloading
 * Detected change in '/home/alfred/project_folder/GMV/test_api.py', reloading
 * Detected change in '/home/alfred/project_folder/GMV/test_risk_api.py', reloading
 * Detected change in '/home/alfred/project_folder/GMV/test_risk_model.py', reloading
 * Detected change in '/home/alfred/project_folder/GMV/check_field_types.py', reloading
 * Detected change in '/home/alfred/project_folder/GMV/risk_assessment_model.py', reloading
 * Detected change in '/home/alfred/project_folder/GMV/app_backup.py', reloading
 * Detected change in '/home/alfred/project_folder/GMV/test_regression_api.py', reloading
 * Detected change in '/home/alfred/project_folder/GMV/check_indent.py', reloading
 * Detected change in '/home/alfred/project_folder/GMV/app/routes/advanced_visualization.py', reloading
 * Detected change in '/home/alfred/project_folder/GMV/app/routes/risk_assessment.py', reloading
 * Detected change in '/home/alfred/project_folder/GMV/app/routes/custom_stat_model.py', reloading
 * Detected change in '/home/alfred/project_folder/GMV/app/models/custom_stat_model.py', reloading
 * Detected change in '/home/alfred/project_folder/GMV/test_outcome_api.py', reloading
 * Detected change in '/home/alfred/project_folder/GMV/db_check.py', reloading
 * Detected change in '/home/alfred/project_folder/GMV/md_to_docx.py', reloading
 * Detected change in '/home/alfred/project_folder/GMV/update_app.py', reloading
 * Detected change in '/home/alfred/project_folder/GMV/check_datasets.py', reloading
 * Detected change in '/home/alfred/project_folder/GMV/update_db.py', reloading
 * Detected change in '/home/alfred/project_folder/GMV/db_migrate.py', reloading
 * Detected change in '/home/alfred/project_folder/GMV/app_outcome.py', reloading
 * Detected change in '/home/alfred/project_folder/GMV/update_app_outcome.py', reloading
 * Detected change in '/home/alfred/project_folder/GMV/db_migrate_custom_model.py', reloading
 * Detected change in '/home/alfred/project_folder/GMV/app.py', reloading
 * Detected change in '/home/alfred/project_folder/GMV/test_custom_model_api.py', reloading
 * Detected change in '/home/alfred/project_folder/GMV/update_privacy_levels.py', reloading
正在启动Flask应用 - 访问地址: http://0.0.0.0:80
 * Restarting with watchdog (inotify)
 * Debugger is active!
 * Debugger PIN: 128-283-716
 * Detected change in '/home/alfred/project_folder/GMV/check_dataset.py', reloading
 * Detected change in '/home/alfred/project_folder/GMV/app_risk.py', reloading
 * Detected change in '/home/alfred/project_folder/GMV/update_app_custom_model.py', reloading
 * Detected change in '/home/alfred/project_folder/GMV/update_dataset.py', reloading
 * Detected change in '/home/alfred/project_folder/GMV/reset_db.py', reloading
 * Detected change in '/home/alfred/project_folder/GMV/outcome_prediction_model.py', reloading
 * Detected change in '/home/alfred/project_folder/GMV/test_view_data_api.py', reloading
 * Detected change in '/home/alfred/project_folder/GMV/test_outcome_prediction.py', reloading
 * Detected change in '/home/alfred/project_folder/GMV/test_survival_api.py', reloading
 * Detected change in '/home/alfred/project_folder/GMV/test_cox_regression.py', reloading
 * Detected change in '/home/alfred/project_folder/GMV/test_api.py', reloading
 * Detected change in '/home/alfred/project_folder/GMV/test_risk_api.py', reloading
 * Detected change in '/home/alfred/project_folder/GMV/test_risk_model.py', reloading
 * Detected change in '/home/alfred/project_folder/GMV/check_field_types.py', reloading
 * Detected change in '/home/alfred/project_folder/GMV/app_backup.py', reloading
 * Detected change in '/home/alfred/project_folder/GMV/risk_assessment_model.py', reloading
 * Detected change in '/home/alfred/project_folder/GMV/check_indent.py', reloading
 * Detected change in '/home/alfred/project_folder/GMV/test_regression_api.py', reloading
 * Detected change in '/home/alfred/project_folder/GMV/app/routes/custom_stat_model.py', reloading
 * Detected change in '/home/alfred/project_folder/GMV/app/routes/advanced_visualization.py', reloading
 * Detected change in '/home/alfred/project_folder/GMV/app/models/custom_stat_model.py', reloading
 * Detected change in '/home/alfred/project_folder/GMV/app/routes/risk_assessment.py', reloading
 * Detected change in '/home/alfred/project_folder/GMV/md_to_docx.py', reloading
 * Detected change in '/home/alfred/project_folder/GMV/test_outcome_api.py', reloading
 * Detected change in '/home/alfred/project_folder/GMV/db_check.py', reloading
 * Detected change in '/home/alfred/project_folder/GMV/update_app.py', reloading
 * Detected change in '/home/alfred/project_folder/GMV/check_datasets.py', reloading
 * Detected change in '/home/alfred/project_folder/GMV/update_db.py', reloading
 * Detected change in '/home/alfred/project_folder/GMV/db_migrate.py', reloading
 * Detected change in '/home/alfred/project_folder/GMV/app_outcome.py', reloading
 * Detected change in '/home/alfred/project_folder/GMV/update_app_outcome.py', reloading
 * Detected change in '/home/alfred/project_folder/GMV/db_migrate_custom_model.py', reloading
 * Detected change in '/home/alfred/project_folder/GMV/test_custom_model_api.py', reloading
 * Detected change in '/home/alfred/project_folder/GMV/update_privacy_levels.py', reloading
 * Detected change in '/home/alfred/project_folder/GMV/app.py', reloading
正在启动Flask应用 - 访问地址: http://0.0.0.0:80
 * Restarting with watchdog (inotify)
 * Debugger is active!
 * Debugger PIN: 128-283-716
 * Detected change in '/home/alfred/project_folder/GMV/check_dataset.py', reloading
 * Detected change in '/home/alfred/project_folder/GMV/app_risk.py', reloading
 * Detected change in '/home/alfred/project_folder/GMV/update_dataset.py', reloading
 * Detected change in '/home/alfred/project_folder/GMV/update_app_custom_model.py', reloading
 * Detected change in '/home/alfred/project_folder/GMV/outcome_prediction_model.py', reloading
 * Detected change in '/home/alfred/project_folder/GMV/test_view_data_api.py', reloading
 * Detected change in '/home/alfred/project_folder/GMV/reset_db.py', reloading
 * Detected change in '/home/alfred/project_folder/GMV/test_outcome_prediction.py', reloading
 * Detected change in '/home/alfred/project_folder/GMV/test_survival_api.py', reloading
 * Detected change in '/home/alfred/project_folder/GMV/test_cox_regression.py', reloading
 * Detected change in '/home/alfred/project_folder/GMV/test_risk_api.py', reloading
 * Detected change in '/home/alfred/project_folder/GMV/test_api.py', reloading
 * Detected change in '/home/alfred/project_folder/GMV/test_risk_model.py', reloading
 * Detected change in '/home/alfred/project_folder/GMV/check_field_types.py', reloading
 * Detected change in '/home/alfred/project_folder/GMV/risk_assessment_model.py', reloading
 * Detected change in '/home/alfred/project_folder/GMV/check_indent.py', reloading
 * Detected change in '/home/alfred/project_folder/GMV/test_regression_api.py', reloading
 * Detected change in '/home/alfred/project_folder/GMV/app_backup.py', reloading
 * Detected change in '/home/alfred/project_folder/GMV/app/models/custom_stat_model.py', reloading
 * Detected change in '/home/alfred/project_folder/GMV/app/routes/risk_assessment.py', reloading
 * Detected change in '/home/alfred/project_folder/GMV/app/routes/custom_stat_model.py', reloading
 * Detected change in '/home/alfred/project_folder/GMV/db_check.py', reloading
 * Detected change in '/home/alfred/project_folder/GMV/test_outcome_api.py', reloading
 * Detected change in '/home/alfred/project_folder/GMV/md_to_docx.py', reloading
 * Detected change in '/home/alfred/project_folder/GMV/update_app.py', reloading
 * Detected change in '/home/alfred/project_folder/GMV/app/routes/advanced_visualization.py', reloading
 * Detected change in '/home/alfred/project_folder/GMV/check_datasets.py', reloading
 * Detected change in '/home/alfred/project_folder/GMV/update_db.py', reloading
 * Detected change in '/home/alfred/project_folder/GMV/db_migrate.py', reloading
 * Detected change in '/home/alfred/project_folder/GMV/app_outcome.py', reloading
 * Detected change in '/home/alfred/project_folder/GMV/update_app_outcome.py', reloading
 * Detected change in '/home/alfred/project_folder/GMV/app.py', reloading
 * Detected change in '/home/alfred/project_folder/GMV/db_migrate_custom_model.py', reloading
 * Detected change in '/home/alfred/project_folder/GMV/test_custom_model_api.py', reloading
 * Detected change in '/home/alfred/project_folder/GMV/update_privacy_levels.py', reloading
正在启动Flask应用 - 访问地址: http://0.0.0.0:80
 * Restarting with watchdog (inotify)
 * Debugger is active!
 * Debugger PIN: 128-283-716
 * Detected change in '/home/alfred/project_folder/GMV/check_dataset.py', reloading
 * Detected change in '/home/alfred/project_folder/GMV/app_risk.py', reloading
 * Detected change in '/home/alfred/project_folder/GMV/update_app_custom_model.py', reloading
 * Detected change in '/home/alfred/project_folder/GMV/update_dataset.py', reloading
 * Detected change in '/home/alfred/project_folder/GMV/test_view_data_api.py', reloading
 * Detected change in '/home/alfred/project_folder/GMV/reset_db.py', reloading
 * Detected change in '/home/alfred/project_folder/GMV/outcome_prediction_model.py', reloading
 * Detected change in '/home/alfred/project_folder/GMV/test_outcome_prediction.py', reloading
 * Detected change in '/home/alfred/project_folder/GMV/test_survival_api.py', reloading
 * Detected change in '/home/alfred/project_folder/GMV/test_cox_regression.py', reloading
 * Detected change in '/home/alfred/project_folder/GMV/test_api.py', reloading
 * Detected change in '/home/alfred/project_folder/GMV/test_risk_api.py', reloading
 * Detected change in '/home/alfred/project_folder/GMV/test_risk_model.py', reloading
 * Detected change in '/home/alfred/project_folder/GMV/app_backup.py', reloading
 * Detected change in '/home/alfred/project_folder/GMV/check_field_types.py', reloading
 * Detected change in '/home/alfred/project_folder/GMV/risk_assessment_model.py', reloading
 * Detected change in '/home/alfred/project_folder/GMV/app/routes/advanced_visualization.py', reloading
 * Detected change in '/home/alfred/project_folder/GMV/app/routes/custom_stat_model.py', reloading
 * Detected change in '/home/alfred/project_folder/GMV/app/routes/risk_assessment.py', reloading
 * Detected change in '/home/alfred/project_folder/GMV/check_indent.py', reloading
 * Detected change in '/home/alfred/project_folder/GMV/app/models/custom_stat_model.py', reloading
 * Detected change in '/home/alfred/project_folder/GMV/test_regression_api.py', reloading
 * Detected change in '/home/alfred/project_folder/GMV/test_outcome_api.py', reloading
 * Detected change in '/home/alfred/project_folder/GMV/md_to_docx.py', reloading
 * Detected change in '/home/alfred/project_folder/GMV/db_check.py', reloading
 * Detected change in '/home/alfred/project_folder/GMV/update_app.py', reloading
 * Detected change in '/home/alfred/project_folder/GMV/check_datasets.py', reloading
 * Detected change in '/home/alfred/project_folder/GMV/update_db.py', reloading
 * Detected change in '/home/alfred/project_folder/GMV/db_migrate.py', reloading
 * Detected change in '/home/alfred/project_folder/GMV/app_outcome.py', reloading
 * Detected change in '/home/alfred/project_folder/GMV/app.py', reloading
 * Detected change in '/home/alfred/project_folder/GMV/update_app_outcome.py', reloading
 * Detected change in '/home/alfred/project_folder/GMV/db_migrate_custom_model.py', reloading
 * Detected change in '/home/alfred/project_folder/GMV/test_custom_model_api.py', reloading
 * Detected change in '/home/alfred/project_folder/GMV/update_privacy_levels.py', reloading
正在启动Flask应用 - 访问地址: http://0.0.0.0:80
 * Restarting with watchdog (inotify)
 * Debugger is active!
 * Debugger PIN: 128-283-716
 * Detected change in '/home/alfred/project_folder/GMV/app/routes/risk_assessment.py', reloading
 * Detected change in '/home/alfred/project_folder/GMV/app/routes/custom_stat_model.py', reloading
 * Detected change in '/home/alfred/project_folder/GMV/app/routes/advanced_visualization.py', reloading
正在启动Flask应用 - 访问地址: http://0.0.0.0:80
 * Restarting with watchdog (inotify)
 * Debugger is active!
 * Debugger PIN: 128-283-716
 * Detected change in '/home/alfred/project_folder/GMV/app.py', reloading
 * Detected change in '/home/alfred/project_folder/GMV/update_app_custom_model.py', reloading
 * Detected change in '/home/alfred/project_folder/GMV/test_custom_model_api.py', reloading
 * Detected change in '/home/alfred/project_folder/GMV/db_migrate_custom_model.py', reloading
 * Detected change in '/home/alfred/project_folder/GMV/update_app_outcome.py', reloading
 * Detected change in '/home/alfred/project_folder/GMV/test_outcome_api.py', reloading
 * Detected change in '/home/alfred/project_folder/GMV/test_outcome_prediction.py', reloading
 * Detected change in '/home/alfred/project_folder/GMV/app_outcome.py', reloading
 * Detected change in '/home/alfred/project_folder/GMV/outcome_prediction_model.py', reloading
 * Detected change in '/home/alfred/project_folder/GMV/update_app.py', reloading
 * Detected change in '/home/alfred/project_folder/GMV/app_risk.py', reloading
 * Detected change in '/home/alfred/project_folder/GMV/app_backup.py', reloading
 * Detected change in '/home/alfred/project_folder/GMV/test_risk_model.py', reloading
 * Detected change in '/home/alfred/project_folder/GMV/risk_assessment_model.py', reloading
 * Detected change in '/home/alfred/project_folder/GMV/test_risk_api.py', reloading
 * Detected change in '/home/alfred/project_folder/GMV/test_cox_regression.py', reloading
 * Detected change in '/home/alfred/project_folder/GMV/test_survival_api.py', reloading
 * Detected change in '/home/alfred/project_folder/GMV/test_regression_api.py', reloading
 * Detected change in '/home/alfred/project_folder/GMV/test_api.py', reloading
 * Detected change in '/home/alfred/project_folder/GMV/check_field_types.py', reloading
 * Detected change in '/home/alfred/project_folder/GMV/update_db.py', reloading
 * Detected change in '/home/alfred/project_folder/GMV/check_indent.py', reloading
 * Detected change in '/home/alfred/project_folder/GMV/check_datasets.py', reloading
 * Detected change in '/home/alfred/project_folder/GMV/reset_db.py', reloading
 * Detected change in '/home/alfred/project_folder/GMV/db_migrate.py', reloading
 * Detected change in '/home/alfred/project_folder/GMV/test_view_data_api.py', reloading
 * Detected change in '/home/alfred/project_folder/GMV/check_dataset.py', reloading
 * Detected change in '/home/alfred/project_folder/GMV/update_privacy_levels.py', reloading
 * Detected change in '/home/alfred/project_folder/GMV/update_dataset.py', reloading
 * Detected change in '/home/alfred/project_folder/GMV/md_to_docx.py', reloading
正在启动Flask应用 - 访问地址: http://0.0.0.0:80
 * Restarting with watchdog (inotify)
 * Debugger is active!
 * Debugger PIN: 128-283-716
 * Detected change in '/home/alfred/project_folder/GMV/check_dataset.py', reloading
 * Detected change in '/home/alfred/project_folder/GMV/outcome_prediction_model.py', reloading
 * Detected change in '/home/alfred/project_folder/GMV/test_view_data_api.py', reloading
 * Detected change in '/home/alfred/project_folder/GMV/reset_db.py', reloading
 * Detected change in '/home/alfred/project_folder/GMV/test_outcome_prediction.py', reloading
 * Detected change in '/home/alfred/project_folder/GMV/test_survival_api.py', reloading
 * Detected change in '/home/alfred/project_folder/GMV/test_api.py', reloading
 * Detected change in '/home/alfred/project_folder/GMV/test_risk_api.py', reloading
 * Detected change in '/home/alfred/project_folder/GMV/update_dataset.py', reloading
 * Detected change in '/home/alfred/project_folder/GMV/test_cox_regression.py', reloading
 * Detected change in '/home/alfred/project_folder/GMV/test_risk_model.py', reloading
 * Detected change in '/home/alfred/project_folder/GMV/check_field_types.py', reloading
 * Detected change in '/home/alfred/project_folder/GMV/update_app_custom_model.py', reloading
 * Detected change in '/home/alfred/project_folder/GMV/check_indent.py', reloading
 * Detected change in '/home/alfred/project_folder/GMV/risk_assessment_model.py', reloading
 * Detected change in '/home/alfred/project_folder/GMV/test_regression_api.py', reloading
 * Detected change in '/home/alfred/project_folder/GMV/app.py', reloading
 * Detected change in '/home/alfred/project_folder/GMV/app_risk.py', reloading
 * Detected change in '/home/alfred/project_folder/GMV/app/routes/custom_stat_model.py', reloading
 * Detected change in '/home/alfred/project_folder/GMV/app/routes/risk_assessment.py', reloading
 * Detected change in '/home/alfred/project_folder/GMV/app/routes/advanced_visualization.py', reloading
 * Detected change in '/home/alfred/project_folder/GMV/app_backup.py', reloading
 * Detected change in '/home/alfred/project_folder/GMV/md_to_docx.py', reloading
 * Detected change in '/home/alfred/project_folder/GMV/test_outcome_api.py', reloading
 * Detected change in '/home/alfred/project_folder/GMV/update_app.py', reloading
 * Detected change in '/home/alfred/project_folder/GMV/check_datasets.py', reloading
 * Detected change in '/home/alfred/project_folder/GMV/update_db.py', reloading
 * Detected change in '/home/alfred/project_folder/GMV/db_migrate.py', reloading
 * Detected change in '/home/alfred/project_folder/GMV/app_outcome.py', reloading
 * Detected change in '/home/alfred/project_folder/GMV/update_app_outcome.py', reloading
 * Detected change in '/home/alfred/project_folder/GMV/db_migrate_custom_model.py', reloading
 * Detected change in '/home/alfred/project_folder/GMV/app/models/custom_stat_model.py', reloading
 * Detected change in '/home/alfred/project_folder/GMV/test_custom_model_api.py', reloading
 * Detected change in '/home/alfred/project_folder/GMV/db_check.py', reloading
 * Detected change in '/home/alfred/project_folder/GMV/update_privacy_levels.py', reloading
正在启动Flask应用 - 访问地址: http://0.0.0.0:80
 * Restarting with watchdog (inotify)
 * Debugger is active!
 * Debugger PIN: 128-283-716
 * Detected change in '/home/alfred/project_folder/GMV/app.py', reloading
 * Detected change in '/home/alfred/project_folder/GMV/app.py', reloading
 * Detected change in '/home/alfred/project_folder/GMV/app.py', reloading
正在启动Flask应用 - 访问地址: http://0.0.0.0:80
 * Restarting with watchdog (inotify)
 * Debugger is active!
 * Debugger PIN: 128-283-716
 * Detected change in '/home/alfred/project_folder/GMV/check_dataset.py', reloading
 * Detected change in '/home/alfred/project_folder/GMV/update_dataset.py', reloading
 * Detected change in '/home/alfred/project_folder/GMV/test_view_data_api.py', reloading
 * Detected change in '/home/alfred/project_folder/GMV/update_app_custom_model.py', reloading
 * Detected change in '/home/alfred/project_folder/GMV/reset_db.py', reloading
 * Detected change in '/home/alfred/project_folder/GMV/test_cox_regression.py', reloading
 * Detected change in '/home/alfred/project_folder/GMV/test_risk_model.py', reloading
 * Detected change in '/home/alfred/project_folder/GMV/test_survival_api.py', reloading
 * Detected change in '/home/alfred/project_folder/GMV/test_outcome_prediction.py', reloading
 * Detected change in '/home/alfred/project_folder/GMV/app_risk.py', reloading
 * Detected change in '/home/alfred/project_folder/GMV/check_field_types.py', reloading
 * Detected change in '/home/alfred/project_folder/GMV/test_risk_api.py', reloading
 * Detected change in '/home/alfred/project_folder/GMV/test_api.py', reloading
 * Detected change in '/home/alfred/project_folder/GMV/risk_assessment_model.py', reloading
 * Detected change in '/home/alfred/project_folder/GMV/outcome_prediction_model.py', reloading
 * Detected change in '/home/alfred/project_folder/GMV/check_indent.py', reloading
 * Detected change in '/home/alfred/project_folder/GMV/test_regression_api.py', reloading
 * Detected change in '/home/alfred/project_folder/GMV/app/routes/custom_stat_model.py', reloading
 * Detected change in '/home/alfred/project_folder/GMV/app/models/custom_stat_model.py', reloading
 * Detected change in '/home/alfred/project_folder/GMV/app/routes/risk_assessment.py', reloading
 * Detected change in '/home/alfred/project_folder/GMV/db_check.py', reloading
 * Detected change in '/home/alfred/project_folder/GMV/app_backup.py', reloading
 * Detected change in '/home/alfred/project_folder/GMV/update_app.py', reloading
 * Detected change in '/home/alfred/project_folder/GMV/test_outcome_api.py', reloading
 * Detected change in '/home/alfred/project_folder/GMV/md_to_docx.py', reloading
 * Detected change in '/home/alfred/project_folder/GMV/check_datasets.py', reloading
 * Detected change in '/home/alfred/project_folder/GMV/app/routes/advanced_visualization.py', reloading
 * Detected change in '/home/alfred/project_folder/GMV/db_migrate.py', reloading
 * Detected change in '/home/alfred/project_folder/GMV/update_db.py', reloading
 * Detected change in '/home/alfred/project_folder/GMV/app_outcome.py', reloading
 * Detected change in '/home/alfred/project_folder/GMV/db_migrate_custom_model.py', reloading
 * Detected change in '/home/alfred/project_folder/GMV/app.py', reloading
 * Detected change in '/home/alfred/project_folder/GMV/update_app_outcome.py', reloading
 * Detected change in '/home/alfred/project_folder/GMV/test_custom_model_api.py', reloading
 * Detected change in '/home/alfred/project_folder/GMV/update_privacy_levels.py', reloading
正在启动Flask应用 - 访问地址: http://0.0.0.0:80
 * Restarting with watchdog (inotify)
 * Debugger is active!
 * Debugger PIN: 128-283-716
 * Detected change in '/home/alfred/project_folder/GMV/check_dataset.py', reloading
 * Detected change in '/home/alfred/project_folder/GMV/app_risk.py', reloading
 * Detected change in '/home/alfred/project_folder/GMV/update_dataset.py', reloading
 * Detected change in '/home/alfred/project_folder/GMV/update_app_custom_model.py', reloading
 * Detected change in '/home/alfred/project_folder/GMV/outcome_prediction_model.py', reloading
 * Detected change in '/home/alfred/project_folder/GMV/test_view_data_api.py', reloading
 * Detected change in '/home/alfred/project_folder/GMV/reset_db.py', reloading
 * Detected change in '/home/alfred/project_folder/GMV/test_outcome_prediction.py', reloading
 * Detected change in '/home/alfred/project_folder/GMV/test_survival_api.py', reloading
 * Detected change in '/home/alfred/project_folder/GMV/test_cox_regression.py', reloading
 * Detected change in '/home/alfred/project_folder/GMV/test_risk_api.py', reloading
 * Detected change in '/home/alfred/project_folder/GMV/test_risk_model.py', reloading
 * Detected change in '/home/alfred/project_folder/GMV/test_api.py', reloading
 * Detected change in '/home/alfred/project_folder/GMV/check_field_types.py', reloading
 * Detected change in '/home/alfred/project_folder/GMV/risk_assessment_model.py', reloading
 * Detected change in '/home/alfred/project_folder/GMV/app_backup.py', reloading
 * Detected change in '/home/alfred/project_folder/GMV/app/routes/advanced_visualization.py', reloading
 * Detected change in '/home/alfred/project_folder/GMV/app/routes/risk_assessment.py', reloading
 * Detected change in '/home/alfred/project_folder/GMV/app/routes/custom_stat_model.py', reloading
 * Detected change in '/home/alfred/project_folder/GMV/check_indent.py', reloading
 * Detected change in '/home/alfred/project_folder/GMV/app/models/custom_stat_model.py', reloading
 * Detected change in '/home/alfred/project_folder/GMV/test_regression_api.py', reloading
 * Detected change in '/home/alfred/project_folder/GMV/test_outcome_api.py', reloading
 * Detected change in '/home/alfred/project_folder/GMV/db_check.py', reloading
 * Detected change in '/home/alfred/project_folder/GMV/md_to_docx.py', reloading
 * Detected change in '/home/alfred/project_folder/GMV/update_app.py', reloading
 * Detected change in '/home/alfred/project_folder/GMV/check_datasets.py', reloading
 * Detected change in '/home/alfred/project_folder/GMV/update_db.py', reloading
 * Detected change in '/home/alfred/project_folder/GMV/db_migrate.py', reloading
 * Detected change in '/home/alfred/project_folder/GMV/app_outcome.py', reloading
 * Detected change in '/home/alfred/project_folder/GMV/update_app_outcome.py', reloading
 * Detected change in '/home/alfred/project_folder/GMV/db_migrate_custom_model.py', reloading
 * Detected change in '/home/alfred/project_folder/GMV/app.py', reloading
 * Detected change in '/home/alfred/project_folder/GMV/test_custom_model_api.py', reloading
 * Detected change in '/home/alfred/project_folder/GMV/update_privacy_levels.py', reloading
正在启动Flask应用 - 访问地址: http://0.0.0.0:80
 * Restarting with watchdog (inotify)
 * Debugger is active!
 * Debugger PIN: 128-283-716
/home/alfred/project_folder/GMV/app.py:226: LegacyAPIWarning: The Query.get() method is considered legacy as of the 1.x series of SQLAlchemy and becomes a legacy construct in 2.0. The method is now available as Session.get() (deprecated since: 2.0) (Background on SQLAlchemy 2.0 at: https://sqlalche.me/e/b8d9)
  return User.query.get(int(user_id))
 * Detected change in '/home/alfred/project_folder/GMV/app.py', reloading
127.0.0.1 - - [03/Jun/2025 23:26:13] "GET /doctor/analysis_tools HTTP/1.1" 200 -
127.0.0.1 - - [03/Jun/2025 23:26:13] "GET /static/css/clinical_theme.css HTTP/1.1" 304 -
127.0.0.1 - - [03/Jun/2025 23:26:14] "GET /static/js/analysis_tools.js HTTP/1.1" 200 -
127.0.0.1 - - [03/Jun/2025 23:26:14] "GET /static/js/clinical_theme.js HTTP/1.1" 304 -
正在启动Flask应用 - 访问地址: http://0.0.0.0:80
 * Restarting with watchdog (inotify)
 * Debugger is active!
 * Debugger PIN: 128-283-716
/home/alfred/project_folder/GMV/app.py:226: LegacyAPIWarning: The Query.get() method is considered legacy as of the 1.x series of SQLAlchemy and becomes a legacy construct in 2.0. The method is now available as Session.get() (deprecated since: 2.0) (Background on SQLAlchemy 2.0 at: https://sqlalche.me/e/b8d9)
  return User.query.get(int(user_id))
 * Detected change in '/home/alfred/project_folder/GMV/app.py', reloading
127.0.0.1 - - [03/Jun/2025 23:26:15] "GET /doctor/my_datasets HTTP/1.1" 200 -
127.0.0.1 - - [03/Jun/2025 23:26:16] "GET /static/css/clinical_theme.css HTTP/1.1" 304 -
127.0.0.1 - - [03/Jun/2025 23:26:16] "GET /static/js/clinical_theme.js HTTP/1.1" 304 -
正在启动Flask应用 - 访问地址: http://0.0.0.0:80
 * Restarting with watchdog (inotify)
 * Debugger is active!
 * Debugger PIN: 128-283-716
/home/alfred/project_folder/GMV/app.py:226: LegacyAPIWarning: The Query.get() method is considered legacy as of the 1.x series of SQLAlchemy and becomes a legacy construct in 2.0. The method is now available as Session.get() (deprecated since: 2.0) (Background on SQLAlchemy 2.0 at: https://sqlalche.me/e/b8d9)
  return User.query.get(int(user_id))
 * Detected change in '/home/alfred/project_folder/GMV/app.py', reloading
127.0.0.1 - - [03/Jun/2025 23:26:18] "GET /doctor/export_data HTTP/1.1" 200 -
127.0.0.1 - - [03/Jun/2025 23:26:18] "GET /static/js/clinical_theme.js HTTP/1.1" 304 -
127.0.0.1 - - [03/Jun/2025 23:26:18] "GET /static/css/clinical_theme.css HTTP/1.1" 304 -
正在启动Flask应用 - 访问地址: http://0.0.0.0:80
 * Restarting with watchdog (inotify)
 * Debugger is active!
 * Debugger PIN: 128-283-716
